[debug] [2022-04-03T09:00:18.294Z] ----------------------------------------------------------------------
[debug] [2022-04-03T09:00:18.296Z] Command:       /Users/izumisawashun/.nodebrew/node/v14.0.0/bin/node /Users/izumisawashun/.npm_global/bin/firebase emulators:start --only functions
[debug] [2022-04-03T09:00:18.296Z] CLI Version:   10.5.0
[debug] [2022-04-03T09:00:18.296Z] Platform:      darwin
[debug] [2022-04-03T09:00:18.296Z] Node Version:  v14.0.0
[debug] [2022-04-03T09:00:18.297Z] Time:          Sun Apr 03 2022 18:00:18 GMT+0900 (日本標準時)
[debug] [2022-04-03T09:00:18.297Z] ----------------------------------------------------------------------
[debug] 
[debug] [2022-04-03T09:00:18.346Z] > command requires scopes: ["email","openid","https://www.googleapis.com/auth/cloudplatformprojects.readonly","https://www.googleapis.com/auth/firebase","https://www.googleapis.com/auth/cloud-platform"]
[debug] [2022-04-03T09:00:18.346Z] > authorizing via signed-in user (shun.1zumisawa@gmail.com)
[info] i  emulators: Starting emulators: functions {"metadata":{"emulator":{"name":"hub"},"message":"Starting emulators: functions"}}
[debug] [2022-04-03T09:00:18.369Z] [hub] writing locator at /var/folders/f2/zgjq3ltj05b_qksnglpww5240000gn/T/hub-cafelog-e250c.json
[warn] ⚠  functions: The following emulators are not running, calls to these services from the Functions emulator will affect production: auth, firestore, database, hosting, pubsub, storage {"metadata":{"emulator":{"name":"functions"},"message":"The following emulators are not running, calls to these services from the Functions emulator will affect production: \u001b[1mauth, firestore, database, hosting, pubsub, storage\u001b[22m"}}
[warn] ⚠  Your requested "node" version "16" doesn't match your global version "14". Using node@14 from host. {"metadata":{"emulator":{"name":"functions"},"message":"Your requested \"node\" version \"16\" doesn't match your global version \"14\". Using node@14 from host."}}
[debug] [2022-04-03T09:00:18.672Z] defaultcredentials: writing to file /Users/izumisawashun/.config/firebase/shun_1zumisawa_gmail.com_application_default_credentials.json
[debug] [2022-04-03T09:00:18.674Z] Setting GAC to /Users/izumisawashun/.config/firebase/shun_1zumisawa_gmail.com_application_default_credentials.json {"metadata":{"emulator":{"name":"functions"},"message":"Setting GAC to /Users/izumisawashun/.config/firebase/shun_1zumisawa_gmail.com_application_default_credentials.json"}}
[debug] [2022-04-03T09:00:18.676Z] >>> [apiv2][query] GET https://firebase.googleapis.com/v1beta1/projects/cafelog-e250c/adminSdkConfig [none]
[debug] [2022-04-03T09:00:19.084Z] <<< [apiv2][status] GET https://firebase.googleapis.com/v1beta1/projects/cafelog-e250c/adminSdkConfig 200
[debug] [2022-04-03T09:00:19.084Z] <<< [apiv2][body] GET https://firebase.googleapis.com/v1beta1/projects/cafelog-e250c/adminSdkConfig {"projectId":"cafelog-e250c","storageBucket":"cafelog-e250c.appspot.com","locationId":"asia-northeast1"}
[debug] [2022-04-03T09:00:19.387Z] Ignoring unsupported arg: auto_download {"metadata":{"emulator":{"name":"ui"},"message":"Ignoring unsupported arg: auto_download"}}
[debug] [2022-04-03T09:00:19.387Z] Ignoring unsupported arg: port {"metadata":{"emulator":{"name":"ui"},"message":"Ignoring unsupported arg: port"}}
[debug] [2022-04-03T09:00:19.387Z] Starting Emulator UI with command {"binary":"node","args":["/Users/izumisawashun/.cache/firebase/emulators/ui-v1.6.5/server.bundle.js"],"optionalArgs":[],"joinArgs":false} {"metadata":{"emulator":{"name":"ui"},"message":"Starting Emulator UI with command {\"binary\":\"node\",\"args\":[\"/Users/izumisawashun/.cache/firebase/emulators/ui-v1.6.5/server.bundle.js\"],\"optionalArgs\":[],\"joinArgs\":false}"}}
[info] i  ui: Emulator UI logging to ui-debug.log {"metadata":{"emulator":{"name":"ui"},"message":"Emulator UI logging to \u001b[1mui-debug.log\u001b[22m"}}
[debug] [2022-04-03T09:00:19.479Z] Web / API server started at localhost:4000
 {"metadata":{"emulator":{"name":"ui"},"message":"Web / API server started at localhost:4000\n"}}
[info] i  functions: Watching "/Users/izumisawashun/Documents/code/cafelog-svelte/functions" for Cloud Functions... {"metadata":{"emulator":{"name":"functions"},"message":"Watching \"/Users/izumisawashun/Documents/code/cafelog-svelte/functions\" for Cloud Functions..."}}
[debug] [2022-04-03T09:00:19.662Z] Validating nodejs source
[debug] [2022-04-03T09:00:20.791Z] > [functions] package.json contents: {
  "name": "functions",
  "scripts": {
    "lint": "eslint --ext .js,.ts .",
    "build": "tsc",
    "serve": "npm run build && firebase emulators:start --only functions",
    "shell": "npm run build && firebase functions:shell",
    "start": "npm run shell",
    "deploy": "firebase deploy --only functions",
    "logs": "firebase functions:log"
  },
  "engines": {
    "node": "16"
  },
  "main": "lib/index.js",
  "dependencies": {
    "algoliasearch": "^4.13.0",
    "dotenv": "^16.0.0",
    "express": "^4.17.3",
    "firebase-admin": "^10.0.2",
    "firebase-functions": "^3.18.0"
  },
  "devDependencies": {
    "@typescript-eslint/eslint-plugin": "^5.12.0",
    "@typescript-eslint/parser": "^5.12.0",
    "eslint": "^8.9.0",
    "eslint-config-google": "^0.14.0",
    "eslint-plugin-import": "^2.25.4",
    "firebase-functions-test": "^0.2.0",
    "typescript": "^4.5.4"
  },
  "private": true
}
[debug] [2022-04-03T09:00:20.792Z] Building nodejs source
[debug] [2022-04-03T09:00:20.792Z] Analyzing nodejs backend spec
[info] ✔  functions[us-central1-api]: http function initialized (http://localhost:5001/cafelog-e250c/us-central1/api). {"metadata":{"emulator":{"name":"functions"},"message":"\u001b[1mhttp\u001b[22m function initialized (http://localhost:5001/cafelog-e250c/us-central1/api)."}}
[info] ✔  functions[us-central1-helloWorld]: http function initialized (http://localhost:5001/cafelog-e250c/us-central1/helloWorld). {"metadata":{"emulator":{"name":"functions"},"message":"\u001b[1mhttp\u001b[22m function initialized (http://localhost:5001/cafelog-e250c/us-central1/helloWorld)."}}
[info] i  functions[us-central1-logActivities-logActivities]: function ignored because the firestore emulator does not exist or is not running. {"metadata":{"emulator":{"name":"functions"},"message":"function ignored because the firestore emulator does not exist or is not running."}}
[info] i  functions[us-central1-onShopCreated]: function ignored because the firestore emulator does not exist or is not running. {"metadata":{"emulator":{"name":"functions"},"message":"function ignored because the firestore emulator does not exist or is not running."}}
[info] 
┌─────────────────────────────────────────────────────────────┐
│ ✔  All emulators ready! It is now safe to connect your app. │
│ i  View Emulator UI at http://localhost:4000                │
└─────────────────────────────────────────────────────────────┘

┌───────────┬────────────────┬─────────────────────────────────┐
│ Emulator  │ Host:Port      │ View in Emulator UI             │
├───────────┼────────────────┼─────────────────────────────────┤
│ Functions │ localhost:5001 │ http://localhost:4000/functions │
└───────────┴────────────────┴─────────────────────────────────┘
  Emulator Hub running at localhost:4400
  Other reserved ports: 4500

Issues? Report them at https://github.com/firebase/firebase-tools/issues and attach the *-debug.log files.
 
[debug] [2022-04-03T09:00:26.591Z] [work-queue] {"queueLength":1,"workRunningCount":0}
[debug] [2022-04-03T09:00:26.591Z] [work-queue] {"queueLength":0,"workRunningCount":1}
[debug] [2022-04-03T09:00:26.591Z] Accepted request GET /cafelog-e250c/us-central1/api/hello --> us-central1-api
[debug] [2022-04-03T09:00:26.597Z] [worker-pool] addWorker(us-central1-api) {"metadata":{"emulator":{"name":"functions"},"message":"[worker-pool] addWorker(us-central1-api)"}}
[debug] [2022-04-03T09:00:26.598Z] [worker-pool] Adding worker with key us-central1-api, total=1 {"metadata":{"emulator":{"name":"functions"},"message":"[worker-pool] Adding worker with key us-central1-api, total=1"}}
[debug] [2022-04-03T09:00:26.598Z] [worker-pool] submitWork(triggerId=us-central1-api) {"metadata":{"emulator":{"name":"functions"},"message":"[worker-pool] submitWork(triggerId=us-central1-api)"}}
[debug] [2022-04-03T09:00:26.598Z] [worker-us-central1-api-f6906cc8-743b-4db8-8fbd-5168973bce73]: Assigning socketPath: /var/folders/f2/zgjq3ltj05b_qksnglpww5240000gn/T/fire_emu_97252.sock {"metadata":{"emulator":{"name":"functions"},"message":"[worker-us-central1-api-f6906cc8-743b-4db8-8fbd-5168973bce73]: Assigning socketPath: /var/folders/f2/zgjq3ltj05b_qksnglpww5240000gn/T/fire_emu_97252.sock"}}
[debug] [2022-04-03T09:00:26.598Z] [worker-us-central1-api-f6906cc8-743b-4db8-8fbd-5168973bce73]: BUSY {"metadata":{"emulator":{"name":"functions"},"message":"[worker-us-central1-api-f6906cc8-743b-4db8-8fbd-5168973bce73]: BUSY"}}
[debug] [2022-04-03T09:00:27.402Z] [runtime-status] [97252] Functions runtime initialized. {"cwd":"/Users/izumisawashun/Documents/code/cafelog-svelte/functions","node_version":"14.0.0"} {"metadata":{"emulator":{"name":"functions"},"function":{"name":"us-central1-api"},"extension":{},"message":"[runtime-status] [97252] Functions runtime initialized. {\"cwd\":\"/Users/izumisawashun/Documents/code/cafelog-svelte/functions\",\"node_version\":\"14.0.0\"}"}}
[debug] [2022-04-03T09:00:27.403Z] [runtime-status] [97252] Disabled runtime features: undefined {"metadata":{"emulator":{"name":"functions"},"function":{"name":"us-central1-api"},"extension":{},"message":"[runtime-status] [97252] Disabled runtime features: undefined"}}
[debug] [2022-04-03T09:00:27.405Z] [runtime-status] [97252] Resolved module firebase-admin {"declared":true,"installed":true,"version":"10.0.2","resolution":"/Users/izumisawashun/Documents/code/cafelog-svelte/functions/node_modules/firebase-admin/lib/index.js"} {"metadata":{"emulator":{"name":"functions"},"function":{"name":"us-central1-api"},"extension":{},"message":"[runtime-status] [97252] Resolved module firebase-admin {\"declared\":true,\"installed\":true,\"version\":\"10.0.2\",\"resolution\":\"/Users/izumisawashun/Documents/code/cafelog-svelte/functions/node_modules/firebase-admin/lib/index.js\"}"}}
[debug] [2022-04-03T09:00:27.405Z] [runtime-status] [97252] Resolved module firebase-functions {"declared":true,"installed":true,"version":"3.19.0","resolution":"/Users/izumisawashun/Documents/code/cafelog-svelte/functions/node_modules/firebase-functions/lib/index.js"} {"metadata":{"emulator":{"name":"functions"},"function":{"name":"us-central1-api"},"extension":{},"message":"[runtime-status] [97252] Resolved module firebase-functions {\"declared\":true,\"installed\":true,\"version\":\"3.19.0\",\"resolution\":\"/Users/izumisawashun/Documents/code/cafelog-svelte/functions/node_modules/firebase-functions/lib/index.js\"}"}}
[debug] [2022-04-03T09:00:27.406Z] [runtime-status] [97252] Outgoing network have been stubbed. [{"name":"http","status":"mocked"},{"name":"http","status":"mocked"},{"name":"https","status":"mocked"},{"name":"https","status":"mocked"},{"name":"net","status":"mocked"}] {"metadata":{"emulator":{"name":"functions"},"function":{"name":"us-central1-api"},"extension":{},"message":"[runtime-status] [97252] Outgoing network have been stubbed. [{\"name\":\"http\",\"status\":\"mocked\"},{\"name\":\"http\",\"status\":\"mocked\"},{\"name\":\"https\",\"status\":\"mocked\"},{\"name\":\"https\",\"status\":\"mocked\"},{\"name\":\"net\",\"status\":\"mocked\"}]"}}
[debug] [2022-04-03T09:00:27.406Z] [runtime-status] [97252] Resolved module firebase-functions {"declared":true,"installed":true,"version":"3.19.0","resolution":"/Users/izumisawashun/Documents/code/cafelog-svelte/functions/node_modules/firebase-functions/lib/index.js"} {"metadata":{"emulator":{"name":"functions"},"function":{"name":"us-central1-api"},"extension":{},"message":"[runtime-status] [97252] Resolved module firebase-functions {\"declared\":true,\"installed\":true,\"version\":\"3.19.0\",\"resolution\":\"/Users/izumisawashun/Documents/code/cafelog-svelte/functions/node_modules/firebase-functions/lib/index.js\"}"}}
[debug] [2022-04-03T09:00:27.436Z] [runtime-status] [97252] Checked functions.config() {"config":{}} {"metadata":{"emulator":{"name":"functions"},"function":{"name":"us-central1-api"},"extension":{},"message":"[runtime-status] [97252] Checked functions.config() {\"config\":{}}"}}
[debug] [2022-04-03T09:00:27.437Z] [runtime-status] [97252] firebase-functions has been stubbed. {"functionsResolution":{"declared":true,"installed":true,"version":"3.19.0","resolution":"/Users/izumisawashun/Documents/code/cafelog-svelte/functions/node_modules/firebase-functions/lib/index.js"}} {"metadata":{"emulator":{"name":"functions"},"function":{"name":"us-central1-api"},"extension":{},"message":"[runtime-status] [97252] firebase-functions has been stubbed. {\"functionsResolution\":{\"declared\":true,\"installed\":true,\"version\":\"3.19.0\",\"resolution\":\"/Users/izumisawashun/Documents/code/cafelog-svelte/functions/node_modules/firebase-functions/lib/index.js\"}}"}}
[debug] [2022-04-03T09:00:27.437Z] [runtime-status] [97252] Resolved module firebase-functions {"declared":true,"installed":true,"version":"3.19.0","resolution":"/Users/izumisawashun/Documents/code/cafelog-svelte/functions/node_modules/firebase-functions/lib/index.js"} {"metadata":{"emulator":{"name":"functions"},"function":{"name":"us-central1-api"},"extension":{},"message":"[runtime-status] [97252] Resolved module firebase-functions {\"declared\":true,\"installed\":true,\"version\":\"3.19.0\",\"resolution\":\"/Users/izumisawashun/Documents/code/cafelog-svelte/functions/node_modules/firebase-functions/lib/index.js\"}"}}
[debug] [2022-04-03T09:00:27.438Z] [runtime-status] [97252] Resolved module firebase-admin {"declared":true,"installed":true,"version":"10.0.2","resolution":"/Users/izumisawashun/Documents/code/cafelog-svelte/functions/node_modules/firebase-admin/lib/index.js"} {"metadata":{"emulator":{"name":"functions"},"function":{"name":"us-central1-api"},"extension":{},"message":"[runtime-status] [97252] Resolved module firebase-admin {\"declared\":true,\"installed\":true,\"version\":\"10.0.2\",\"resolution\":\"/Users/izumisawashun/Documents/code/cafelog-svelte/functions/node_modules/firebase-admin/lib/index.js\"}"}}
[debug] [2022-04-03T09:00:27.438Z] [runtime-status] [97252] Resolved module firebase-functions {"declared":true,"installed":true,"version":"3.19.0","resolution":"/Users/izumisawashun/Documents/code/cafelog-svelte/functions/node_modules/firebase-functions/lib/index.js"} {"metadata":{"emulator":{"name":"functions"},"function":{"name":"us-central1-api"},"extension":{},"message":"[runtime-status] [97252] Resolved module firebase-functions {\"declared\":true,\"installed\":true,\"version\":\"3.19.0\",\"resolution\":\"/Users/izumisawashun/Documents/code/cafelog-svelte/functions/node_modules/firebase-functions/lib/index.js\"}"}}
[debug] [2022-04-03T09:00:27.438Z] [runtime-status] [97252] firebase-admin has been stubbed. {"adminResolution":{"declared":true,"installed":true,"version":"10.0.2","resolution":"/Users/izumisawashun/Documents/code/cafelog-svelte/functions/node_modules/firebase-admin/lib/index.js"}} {"metadata":{"emulator":{"name":"functions"},"function":{"name":"us-central1-api"},"extension":{},"message":"[runtime-status] [97252] firebase-admin has been stubbed. {\"adminResolution\":{\"declared\":true,\"installed\":true,\"version\":\"10.0.2\",\"resolution\":\"/Users/izumisawashun/Documents/code/cafelog-svelte/functions/node_modules/firebase-admin/lib/index.js\"}}"}}
[debug] [2022-04-03T09:00:27.505Z] [runtime-status] [97252] initializeApp(DEFAULT) {"storageBucket":"cafelog-e250c.appspot.com","projectId":"cafelog-e250c"} {"metadata":{"emulator":{"name":"functions"},"function":{"name":"us-central1-api"},"extension":{},"message":"[runtime-status] [97252] initializeApp(DEFAULT) {\"storageBucket\":\"cafelog-e250c.appspot.com\",\"projectId\":\"cafelog-e250c\"}"}}
[warn] ⚠  functions: The Cloud Firestore emulator is not running, so calls to Firestore will affect production. {"metadata":{"emulator":{"name":"functions"},"function":{"name":"us-central1-api"},"extension":{},"message":"The Cloud Firestore emulator is not running, so calls to Firestore will affect production."}}
[debug] [2022-04-03T09:00:27.521Z] [runtime-status] [97252] Beginning invocation function api! {"metadata":{"emulator":{"name":"functions"},"function":{"name":"us-central1-api"},"extension":{},"message":"[runtime-status] [97252] Beginning invocation function api!"}}
[info] i  functions: Beginning execution of "api" {"metadata":{"emulator":{"name":"functions"},"function":{"name":"us-central1-api"},"extension":{},"message":"Beginning execution of \"api\""}}
[debug] [2022-04-03T09:00:27.522Z] [runtime-status] [97252] Running api in signature http {"metadata":{"emulator":{"name":"functions"},"function":{"name":"us-central1-api"},"extension":{},"message":"[runtime-status] [97252] Running api in signature http"}}
[debug] [2022-04-03T09:00:27.525Z] [runtime-status] [97252] Attempting to listen to socketPath: /var/folders/f2/zgjq3ltj05b_qksnglpww5240000gn/T/fire_emu_97252.sock {"metadata":{"emulator":{"name":"functions"},"function":{"name":"us-central1-api"},"extension":{},"message":"[runtime-status] [97252] Attempting to listen to socketPath: /var/folders/f2/zgjq3ltj05b_qksnglpww5240000gn/T/fire_emu_97252.sock"}}
[debug] [2022-04-03T09:00:27.529Z] [functions] Runtime ready! Sending request! {"metadata":{"emulator":{"name":"functions"},"message":"[functions] Runtime ready! Sending request!"}}
[debug] [2022-04-03T09:00:27.529Z] [functions] Got req.url=/cafelog-e250c/us-central1/api/hello, mapping to path=/hello {"metadata":{"emulator":{"name":"functions"},"message":"[functions] Got req.url=/cafelog-e250c/us-central1/api/hello, mapping to path=/hello"}}
[debug] [2022-04-03T09:00:27.533Z] [runtime-status] [97252] Ephemeral server handling GET request {"metadata":{"emulator":{"name":"functions"},"function":{"name":"us-central1-api"},"extension":{},"message":"[runtime-status] [97252] Ephemeral server handling GET request"}}
[info] >  { {"user":"{","metadata":{"emulator":{"name":"functions"},"function":{"name":"us-central1-api"},"extension":{},"message":"\u001b[90m> \u001b[39m {"}}
[info] >    node: '/Users/izumisawashun/.nodebrew/node/v14.0.0/bin/node', {"user":"  node: '/Users/izumisawashun/.nodebrew/node/v14.0.0/bin/node',","metadata":{"emulator":{"name":"functions"},"function":{"name":"us-central1-api"},"extension":{},"message":"\u001b[90m> \u001b[39m   node: '/Users/izumisawashun/.nodebrew/node/v14.0.0/bin/node',"}}
[info] >    TERM_PROGRAM: 'vscode', {"user":"  TERM_PROGRAM: 'vscode',","metadata":{"emulator":{"name":"functions"},"function":{"name":"us-central1-api"},"extension":{},"message":"\u001b[90m> \u001b[39m   TERM_PROGRAM: 'vscode',"}}
[info] >    NODE: '/Users/izumisawashun/.nodebrew/node/v14.0.0/bin/node', {"user":"  NODE: '/Users/izumisawashun/.nodebrew/node/v14.0.0/bin/node',","metadata":{"emulator":{"name":"functions"},"function":{"name":"us-central1-api"},"extension":{},"message":"\u001b[90m> \u001b[39m   NODE: '/Users/izumisawashun/.nodebrew/node/v14.0.0/bin/node',"}}
[info] >    INIT_CWD: '/Users/izumisawashun/Documents/code/cafelog-svelte/functions', {"user":"  INIT_CWD: '/Users/izumisawashun/Documents/code/cafelog-svelte/functions',","metadata":{"emulator":{"name":"functions"},"function":{"name":"us-central1-api"},"extension":{},"message":"\u001b[90m> \u001b[39m   INIT_CWD: '/Users/izumisawashun/Documents/code/cafelog-svelte/functions',"}}
[info] >    TERM: 'xterm-256color', {"user":"  TERM: 'xterm-256color',","metadata":{"emulator":{"name":"functions"},"function":{"name":"us-central1-api"},"extension":{},"message":"\u001b[90m> \u001b[39m   TERM: 'xterm-256color',"}}
[info] >    SHELL: '/bin/zsh', {"user":"  SHELL: '/bin/zsh',","metadata":{"emulator":{"name":"functions"},"function":{"name":"us-central1-api"},"extension":{},"message":"\u001b[90m> \u001b[39m   SHELL: '/bin/zsh',"}}
[info] >    npm_config_metrics_registry: 'https://registry.npmjs.org/', {"user":"  npm_config_metrics_registry: 'https://registry.npmjs.org/',","metadata":{"emulator":{"name":"functions"},"function":{"name":"us-central1-api"},"extension":{},"message":"\u001b[90m> \u001b[39m   npm_config_metrics_registry: 'https://registry.npmjs.org/',"}}
[info] >    TMPDIR: '/var/folders/f2/zgjq3ltj05b_qksnglpww5240000gn/T/', {"user":"  TMPDIR: '/var/folders/f2/zgjq3ltj05b_qksnglpww5240000gn/T/',","metadata":{"emulator":{"name":"functions"},"function":{"name":"us-central1-api"},"extension":{},"message":"\u001b[90m> \u001b[39m   TMPDIR: '/var/folders/f2/zgjq3ltj05b_qksnglpww5240000gn/T/',"}}
[info] >    npm_config_global_prefix: '/Users/izumisawashun/.npm_global', {"user":"  npm_config_global_prefix: '/Users/izumisawashun/.npm_global',","metadata":{"emulator":{"name":"functions"},"function":{"name":"us-central1-api"},"extension":{},"message":"\u001b[90m> \u001b[39m   npm_config_global_prefix: '/Users/izumisawashun/.npm_global',"}}
[info] >    TERM_PROGRAM_VERSION: '1.50.1', {"user":"  TERM_PROGRAM_VERSION: '1.50.1',","metadata":{"emulator":{"name":"functions"},"function":{"name":"us-central1-api"},"extension":{},"message":"\u001b[90m> \u001b[39m   TERM_PROGRAM_VERSION: '1.50.1',"}}
[info] >    ORIGINAL_XDG_CURRENT_DESKTOP: 'undefined', {"user":"  ORIGINAL_XDG_CURRENT_DESKTOP: 'undefined',","metadata":{"emulator":{"name":"functions"},"function":{"name":"us-central1-api"},"extension":{},"message":"\u001b[90m> \u001b[39m   ORIGINAL_XDG_CURRENT_DESKTOP: 'undefined',"}}
[info] >    COLOR: '1', {"user":"  COLOR: '1',","metadata":{"emulator":{"name":"functions"},"function":{"name":"us-central1-api"},"extension":{},"message":"\u001b[90m> \u001b[39m   COLOR: '1',"}}
[info] >    npm_config_noproxy: '', {"user":"  npm_config_noproxy: '',","metadata":{"emulator":{"name":"functions"},"function":{"name":"us-central1-api"},"extension":{},"message":"\u001b[90m> \u001b[39m   npm_config_noproxy: '',"}}
[info] >    npm_config_local_prefix: '/Users/izumisawashun/Documents/code/cafelog-svelte/functions', {"user":"  npm_config_local_prefix: '/Users/izumisawashun/Documents/code/cafelog-svelte/functions',","metadata":{"emulator":{"name":"functions"},"function":{"name":"us-central1-api"},"extension":{},"message":"\u001b[90m> \u001b[39m   npm_config_local_prefix: '/Users/izumisawashun/Documents/code/cafelog-svelte/functions',"}}
[info] >    ZSH: '/Users/izumisawashun/.oh-my-zsh', {"user":"  ZSH: '/Users/izumisawashun/.oh-my-zsh',","metadata":{"emulator":{"name":"functions"},"function":{"name":"us-central1-api"},"extension":{},"message":"\u001b[90m> \u001b[39m   ZSH: '/Users/izumisawashun/.oh-my-zsh',"}}
[info] >    USER: 'izumisawashun', {"user":"  USER: 'izumisawashun',","metadata":{"emulator":{"name":"functions"},"function":{"name":"us-central1-api"},"extension":{},"message":"\u001b[90m> \u001b[39m   USER: 'izumisawashun',"}}
[info] >    npm_config_globalconfig: '/Users/izumisawashun/.npm_global/etc/npmrc', {"user":"  npm_config_globalconfig: '/Users/izumisawashun/.npm_global/etc/npmrc',","metadata":{"emulator":{"name":"functions"},"function":{"name":"us-central1-api"},"extension":{},"message":"\u001b[90m> \u001b[39m   npm_config_globalconfig: '/Users/izumisawashun/.npm_global/etc/npmrc',"}}
[info] >    SSH_AUTH_SOCK: '/private/tmp/com.apple.launchd.fKdaZQGvBE/Listeners', {"user":"  SSH_AUTH_SOCK: '/private/tmp/com.apple.launchd.fKdaZQGvBE/Listeners',","metadata":{"emulator":{"name":"functions"},"function":{"name":"us-central1-api"},"extension":{},"message":"\u001b[90m> \u001b[39m   SSH_AUTH_SOCK: '/private/tmp/com.apple.launchd.fKdaZQGvBE/Listeners',"}}
[info] >    __CF_USER_TEXT_ENCODING: '0x1F5:0x1:0xE', {"user":"  __CF_USER_TEXT_ENCODING: '0x1F5:0x1:0xE',","metadata":{"emulator":{"name":"functions"},"function":{"name":"us-central1-api"},"extension":{},"message":"\u001b[90m> \u001b[39m   __CF_USER_TEXT_ENCODING: '0x1F5:0x1:0xE',"}}
[info] >    npm_execpath: '/Users/izumisawashun/.npm_global/lib/node_modules/npm/bin/npm-cli.js', {"user":"  npm_execpath: '/Users/izumisawashun/.npm_global/lib/node_modules/npm/bin/npm-cli.js',","metadata":{"emulator":{"name":"functions"},"function":{"name":"us-central1-api"},"extension":{},"message":"\u001b[90m> \u001b[39m   npm_execpath: '/Users/izumisawashun/.npm_global/lib/node_modules/npm/bin/npm-cli.js',"}}
[info] >    PAGER: 'less', {"user":"  PAGER: 'less',","metadata":{"emulator":{"name":"functions"},"function":{"name":"us-central1-api"},"extension":{},"message":"\u001b[90m> \u001b[39m   PAGER: 'less',"}}
[info] >    LSCOLORS: 'Gxfxcxdxbxegedabagacad', {"user":"  LSCOLORS: 'Gxfxcxdxbxegedabagacad',","metadata":{"emulator":{"name":"functions"},"function":{"name":"us-central1-api"},"extension":{},"message":"\u001b[90m> \u001b[39m   LSCOLORS: 'Gxfxcxdxbxegedabagacad',"}}
[info] >    PATH: '/Users/izumisawashun/Documents/code/cafelog-svelte/functions/node_modules/.bin:/Users/izumisawashun/Documents/code/cafelog-svelte/node_modules/.bin:/Users/izumisawashun/Documents/code/node_modules/.bin:/Users/izumisawashun/Documents/node_modules/.bin:/Users/izumisawashun/node_modules/.bin:/Users/node_modules/.bin:/node_modules/.bin:/Users/izumisawashun/.npm_global/lib/node_modules/npm/node_modules/@npmcli/run-script/lib/node-gyp-bin:/Users/izumisawashun/.npm_global/bin:/Users/izumisawashun/.npm-global/bin:/Users/izumisawashun/.nodebrew/current/bin:/Users/izumisawashun/.nodebrew/current/bin:/usr/local/bin:/usr/bin:/bin:/usr/sbin:/sbin:〜/.npm_global:/Users/local/.npm-global/bin/', {"user":"  PATH: '/Users/izumisawashun/Documents/code/cafelog-svelte/functions/node_modules/.bin:/Users/izumisawashun/Documents/code/cafelog-svelte/node_modules/.bin:/Users/izumisawashun/Documents/code/node_modules/.bin:/Users/izumisawashun/Documents/node_modules/.bin:/Users/izumisawashun/node_modules/.bin:/Users/node_modules/.bin:/node_modules/.bin:/Users/izumisawashun/.npm_global/lib/node_modules/npm/node_modules/@npmcli/run-script/lib/node-gyp-bin:/Users/izumisawashun/.npm_global/bin:/Users/izumisawashun/.npm-global/bin:/Users/izumisawashun/.nodebrew/current/bin:/Users/izumisawashun/.nodebrew/current/bin:/usr/local/bin:/usr/bin:/bin:/usr/sbin:/sbin:〜/.npm_global:/Users/local/.npm-global/bin/',","metadata":{"emulator":{"name":"functions"},"function":{"name":"us-central1-api"},"extension":{},"message":"\u001b[90m> \u001b[39m   PATH: '/Users/izumisawashun/Documents/code/cafelog-svelte/functions/node_modules/.bin:/Users/izumisawashun/Documents/code/cafelog-svelte/node_modules/.bin:/Users/izumisawashun/Documents/code/node_modules/.bin:/Users/izumisawashun/Documents/node_modules/.bin:/Users/izumisawashun/node_modules/.bin:/Users/node_modules/.bin:/node_modules/.bin:/Users/izumisawashun/.npm_global/lib/node_modules/npm/node_modules/@npmcli/run-script/lib/node-gyp-bin:/Users/izumisawashun/.npm_global/bin:/Users/izumisawashun/.npm-global/bin:/Users/izumisawashun/.nodebrew/current/bin:/Users/izumisawashun/.nodebrew/current/bin:/usr/local/bin:/usr/bin:/bin:/usr/sbin:/sbin:〜/.npm_global:/Users/local/.npm-global/bin/',"}}
[info] >    npm_package_json: '/Users/izumisawashun/Documents/code/cafelog-svelte/functions/package.json', {"user":"  npm_package_json: '/Users/izumisawashun/Documents/code/cafelog-svelte/functions/package.json',","metadata":{"emulator":{"name":"functions"},"function":{"name":"us-central1-api"},"extension":{},"message":"\u001b[90m> \u001b[39m   npm_package_json: '/Users/izumisawashun/Documents/code/cafelog-svelte/functions/package.json',"}}
[info] >    npm_config_userconfig: '/Users/izumisawashun/.npmrc', {"user":"  npm_config_userconfig: '/Users/izumisawashun/.npmrc',","metadata":{"emulator":{"name":"functions"},"function":{"name":"us-central1-api"},"extension":{},"message":"\u001b[90m> \u001b[39m   npm_config_userconfig: '/Users/izumisawashun/.npmrc',"}}
[info] >    npm_config_init_module: '/Users/izumisawashun/.npm-init.js', {"user":"  npm_config_init_module: '/Users/izumisawashun/.npm-init.js',","metadata":{"emulator":{"name":"functions"},"function":{"name":"us-central1-api"},"extension":{},"message":"\u001b[90m> \u001b[39m   npm_config_init_module: '/Users/izumisawashun/.npm-init.js',"}}
[info] >    npm_command: 'run-script', {"user":"  npm_command: 'run-script',","metadata":{"emulator":{"name":"functions"},"function":{"name":"us-central1-api"},"extension":{},"message":"\u001b[90m> \u001b[39m   npm_command: 'run-script',"}}
[info] >    PWD: '/Users/izumisawashun/Documents/code/cafelog-svelte/functions', {"user":"  PWD: '/Users/izumisawashun/Documents/code/cafelog-svelte/functions',","metadata":{"emulator":{"name":"functions"},"function":{"name":"us-central1-api"},"extension":{},"message":"\u001b[90m> \u001b[39m   PWD: '/Users/izumisawashun/Documents/code/cafelog-svelte/functions',"}}
[info] >    npm_lifecycle_event: 'serve', {"user":"  npm_lifecycle_event: 'serve',","metadata":{"emulator":{"name":"functions"},"function":{"name":"us-central1-api"},"extension":{},"message":"\u001b[90m> \u001b[39m   npm_lifecycle_event: 'serve',"}}
[info] >    EDITOR: 'vi', {"user":"  EDITOR: 'vi',","metadata":{"emulator":{"name":"functions"},"function":{"name":"us-central1-api"},"extension":{},"message":"\u001b[90m> \u001b[39m   EDITOR: 'vi',"}}
[info] >    npm_package_name: 'functions', {"user":"  npm_package_name: 'functions',","metadata":{"emulator":{"name":"functions"},"function":{"name":"us-central1-api"},"extension":{},"message":"\u001b[90m> \u001b[39m   npm_package_name: 'functions',"}}
[info] >    LANG: 'ja_JP.UTF-8', {"user":"  LANG: 'ja_JP.UTF-8',","metadata":{"emulator":{"name":"functions"},"function":{"name":"us-central1-api"},"extension":{},"message":"\u001b[90m> \u001b[39m   LANG: 'ja_JP.UTF-8',"}}
[info] >    XPC_FLAGS: '0x0', {"user":"  XPC_FLAGS: '0x0',","metadata":{"emulator":{"name":"functions"},"function":{"name":"us-central1-api"},"extension":{},"message":"\u001b[90m> \u001b[39m   XPC_FLAGS: '0x0',"}}
[info] >    npm_package_engines_node: '16', {"user":"  npm_package_engines_node: '16',","metadata":{"emulator":{"name":"functions"},"function":{"name":"us-central1-api"},"extension":{},"message":"\u001b[90m> \u001b[39m   npm_package_engines_node: '16',"}}
[info] >    npm_config_node_gyp: '/Users/izumisawashun/.npm_global/lib/node_modules/npm/node_modules/node-gyp/bin/node-gyp.js', {"user":"  npm_config_node_gyp: '/Users/izumisawashun/.npm_global/lib/node_modules/npm/node_modules/node-gyp/bin/node-gyp.js',","metadata":{"emulator":{"name":"functions"},"function":{"name":"us-central1-api"},"extension":{},"message":"\u001b[90m> \u001b[39m   npm_config_node_gyp: '/Users/izumisawashun/.npm_global/lib/node_modules/npm/node_modules/node-gyp/bin/node-gyp.js',"}}
[info] >    RBENV_SHELL: 'zsh', {"user":"  RBENV_SHELL: 'zsh',","metadata":{"emulator":{"name":"functions"},"function":{"name":"us-central1-api"},"extension":{},"message":"\u001b[90m> \u001b[39m   RBENV_SHELL: 'zsh',"}}
[info] >    XPC_SERVICE_NAME: '0', {"user":"  XPC_SERVICE_NAME: '0',","metadata":{"emulator":{"name":"functions"},"function":{"name":"us-central1-api"},"extension":{},"message":"\u001b[90m> \u001b[39m   XPC_SERVICE_NAME: '0',"}}
[info] >    SHLVL: '2', {"user":"  SHLVL: '2',","metadata":{"emulator":{"name":"functions"},"function":{"name":"us-central1-api"},"extension":{},"message":"\u001b[90m> \u001b[39m   SHLVL: '2',"}}
[info] >    HOME: '/Users/izumisawashun', {"user":"  HOME: '/Users/izumisawashun',","metadata":{"emulator":{"name":"functions"},"function":{"name":"us-central1-api"},"extension":{},"message":"\u001b[90m> \u001b[39m   HOME: '/Users/izumisawashun',"}}
[info] >    VSCODE_GIT_ASKPASS_MAIN: '/private/var/folders/f2/zgjq3ltj05b_qksnglpww5240000gn/T/AppTranslocation/1ABB51CD-0CB5-41EE-9310-D3D4D6B1A3B7/d/Visual Studio Code.app/Contents/Resources/app/extensions/git/dist/askpass-main.js', {"user":"  VSCODE_GIT_ASKPASS_MAIN: '/private/var/folders/f2/zgjq3ltj05b_qksnglpww5240000gn/T/AppTranslocation/1ABB51CD-0CB5-41EE-9310-D3D4D6B1A3B7/d/Visual Studio Code.app/Contents/Resources/app/extensions/git/dist/askpass-main.js',","metadata":{"emulator":{"name":"functions"},"function":{"name":"us-central1-api"},"extension":{},"message":"\u001b[90m> \u001b[39m   VSCODE_GIT_ASKPASS_MAIN: '/private/var/folders/f2/zgjq3ltj05b_qksnglpww5240000gn/T/AppTranslocation/1ABB51CD-0CB5-41EE-9310-D3D4D6B1A3B7/d/Visual Studio Code.app/Contents/Resources/app/extensions/git/dist/askpass-main.js',"}}
[info] >    npm_config_cache: '/Users/izumisawashun/.npm', {"user":"  npm_config_cache: '/Users/izumisawashun/.npm',","metadata":{"emulator":{"name":"functions"},"function":{"name":"us-central1-api"},"extension":{},"message":"\u001b[90m> \u001b[39m   npm_config_cache: '/Users/izumisawashun/.npm',"}}
[info] >    LESS: '-R', {"user":"  LESS: '-R',","metadata":{"emulator":{"name":"functions"},"function":{"name":"us-central1-api"},"extension":{},"message":"\u001b[90m> \u001b[39m   LESS: '-R',"}}
[info] >    LOGNAME: 'izumisawashun', {"user":"  LOGNAME: 'izumisawashun',","metadata":{"emulator":{"name":"functions"},"function":{"name":"us-central1-api"},"extension":{},"message":"\u001b[90m> \u001b[39m   LOGNAME: 'izumisawashun',"}}
[info] >    npm_lifecycle_script: 'npm run build && firebase emulators:start --only functions', {"user":"  npm_lifecycle_script: 'npm run build && firebase emulators:start --only functions',","metadata":{"emulator":{"name":"functions"},"function":{"name":"us-central1-api"},"extension":{},"message":"\u001b[90m> \u001b[39m   npm_lifecycle_script: 'npm run build && firebase emulators:start --only functions',"}}
[info] >    VSCODE_GIT_IPC_HANDLE: '/var/folders/f2/zgjq3ltj05b_qksnglpww5240000gn/T/vscode-git-5b444103b3.sock', {"user":"  VSCODE_GIT_IPC_HANDLE: '/var/folders/f2/zgjq3ltj05b_qksnglpww5240000gn/T/vscode-git-5b444103b3.sock',","metadata":{"emulator":{"name":"functions"},"function":{"name":"us-central1-api"},"extension":{},"message":"\u001b[90m> \u001b[39m   VSCODE_GIT_IPC_HANDLE: '/var/folders/f2/zgjq3ltj05b_qksnglpww5240000gn/T/vscode-git-5b444103b3.sock',"}}
[info] >    npm_config_user_agent: 'npm/8.5.5 node/v14.0.0 darwin x64 workspaces/false', {"user":"  npm_config_user_agent: 'npm/8.5.5 node/v14.0.0 darwin x64 workspaces/false',","metadata":{"emulator":{"name":"functions"},"function":{"name":"us-central1-api"},"extension":{},"message":"\u001b[90m> \u001b[39m   npm_config_user_agent: 'npm/8.5.5 node/v14.0.0 darwin x64 workspaces/false',"}}
[info] >    VSCODE_GIT_ASKPASS_NODE: '/private/var/folders/f2/zgjq3ltj05b_qksnglpww5240000gn/T/AppTranslocation/1ABB51CD-0CB5-41EE-9310-D3D4D6B1A3B7/d/Visual Studio Code.app/Contents/Frameworks/Code Helper (Renderer).app/Contents/MacOS/Code Helper (Renderer)', {"user":"  VSCODE_GIT_ASKPASS_NODE: '/private/var/folders/f2/zgjq3ltj05b_qksnglpww5240000gn/T/AppTranslocation/1ABB51CD-0CB5-41EE-9310-D3D4D6B1A3B7/d/Visual Studio Code.app/Contents/Frameworks/Code Helper (Renderer).app/Contents/MacOS/Code Helper (Renderer)',","metadata":{"emulator":{"name":"functions"},"function":{"name":"us-central1-api"},"extension":{},"message":"\u001b[90m> \u001b[39m   VSCODE_GIT_ASKPASS_NODE: '/private/var/folders/f2/zgjq3ltj05b_qksnglpww5240000gn/T/AppTranslocation/1ABB51CD-0CB5-41EE-9310-D3D4D6B1A3B7/d/Visual Studio Code.app/Contents/Frameworks/Code Helper (Renderer).app/Contents/MacOS/Code Helper (Renderer)',"}}
[info] >    GIT_ASKPASS: '/private/var/folders/f2/zgjq3ltj05b_qksnglpww5240000gn/T/AppTranslocation/1ABB51CD-0CB5-41EE-9310-D3D4D6B1A3B7/d/Visual Studio Code.app/Contents/Resources/app/extensions/git/dist/askpass.sh', {"user":"  GIT_ASKPASS: '/private/var/folders/f2/zgjq3ltj05b_qksnglpww5240000gn/T/AppTranslocation/1ABB51CD-0CB5-41EE-9310-D3D4D6B1A3B7/d/Visual Studio Code.app/Contents/Resources/app/extensions/git/dist/askpass.sh',","metadata":{"emulator":{"name":"functions"},"function":{"name":"us-central1-api"},"extension":{},"message":"\u001b[90m> \u001b[39m   GIT_ASKPASS: '/private/var/folders/f2/zgjq3ltj05b_qksnglpww5240000gn/T/AppTranslocation/1ABB51CD-0CB5-41EE-9310-D3D4D6B1A3B7/d/Visual Studio Code.app/Contents/Resources/app/extensions/git/dist/askpass.sh',"}}
[info] >    CC: '/usr/bin/gcc', {"user":"  CC: '/usr/bin/gcc',","metadata":{"emulator":{"name":"functions"},"function":{"name":"us-central1-api"},"extension":{},"message":"\u001b[90m> \u001b[39m   CC: '/usr/bin/gcc',"}}
[info] >    npm_node_execpath: '/Users/izumisawashun/.nodebrew/node/v14.0.0/bin/node', {"user":"  npm_node_execpath: '/Users/izumisawashun/.nodebrew/node/v14.0.0/bin/node',","metadata":{"emulator":{"name":"functions"},"function":{"name":"us-central1-api"},"extension":{},"message":"\u001b[90m> \u001b[39m   npm_node_execpath: '/Users/izumisawashun/.nodebrew/node/v14.0.0/bin/node',"}}
[info] >    npm_config_prefix: '/Users/izumisawashun/.npm_global', {"user":"  npm_config_prefix: '/Users/izumisawashun/.npm_global',","metadata":{"emulator":{"name":"functions"},"function":{"name":"us-central1-api"},"extension":{},"message":"\u001b[90m> \u001b[39m   npm_config_prefix: '/Users/izumisawashun/.npm_global',"}}
[info] >    COLORTERM: 'truecolor', {"user":"  COLORTERM: 'truecolor',","metadata":{"emulator":{"name":"functions"},"function":{"name":"us-central1-api"},"extension":{},"message":"\u001b[90m> \u001b[39m   COLORTERM: 'truecolor',"}}
[info] >    _: '/Users/izumisawashun/.npm_global/bin/firebase', {"user":"  _: '/Users/izumisawashun/.npm_global/bin/firebase',","metadata":{"emulator":{"name":"functions"},"function":{"name":"us-central1-api"},"extension":{},"message":"\u001b[90m> \u001b[39m   _: '/Users/izumisawashun/.npm_global/bin/firebase',"}}
[info] >    IS_FIREBASE_CLI: 'true', {"user":"  IS_FIREBASE_CLI: 'true',","metadata":{"emulator":{"name":"functions"},"function":{"name":"us-central1-api"},"extension":{},"message":"\u001b[90m> \u001b[39m   IS_FIREBASE_CLI: 'true',"}}
[info] >    GCLOUD_PROJECT: 'cafelog-e250c', {"user":"  GCLOUD_PROJECT: 'cafelog-e250c',","metadata":{"emulator":{"name":"functions"},"function":{"name":"us-central1-api"},"extension":{},"message":"\u001b[90m> \u001b[39m   GCLOUD_PROJECT: 'cafelog-e250c',"}}
[info] >    K_REVISION: '1', {"user":"  K_REVISION: '1',","metadata":{"emulator":{"name":"functions"},"function":{"name":"us-central1-api"},"extension":{},"message":"\u001b[90m> \u001b[39m   K_REVISION: '1',"}}
[info] >    PORT: '80', {"user":"  PORT: '80',","metadata":{"emulator":{"name":"functions"},"function":{"name":"us-central1-api"},"extension":{},"message":"\u001b[90m> \u001b[39m   PORT: '80',"}}
[info] >    FUNCTION_TARGET: 'api', {"user":"  FUNCTION_TARGET: 'api',","metadata":{"emulator":{"name":"functions"},"function":{"name":"us-central1-api"},"extension":{},"message":"\u001b[90m> \u001b[39m   FUNCTION_TARGET: 'api',"}}
[info] >    FUNCTION_SIGNATURE_TYPE: 'http', {"user":"  FUNCTION_SIGNATURE_TYPE: 'http',","metadata":{"emulator":{"name":"functions"},"function":{"name":"us-central1-api"},"extension":{},"message":"\u001b[90m> \u001b[39m   FUNCTION_SIGNATURE_TYPE: 'http',"}}
[info] >    K_SERVICE: 'api', {"user":"  K_SERVICE: 'api',","metadata":{"emulator":{"name":"functions"},"function":{"name":"us-central1-api"},"extension":{},"message":"\u001b[90m> \u001b[39m   K_SERVICE: 'api',"}}
[info] >    FUNCTIONS_EMULATOR: 'true', {"user":"  FUNCTIONS_EMULATOR: 'true',","metadata":{"emulator":{"name":"functions"},"function":{"name":"us-central1-api"},"extension":{},"message":"\u001b[90m> \u001b[39m   FUNCTIONS_EMULATOR: 'true',"}}
[info] >    TZ: 'UTC', {"user":"  TZ: 'UTC',","metadata":{"emulator":{"name":"functions"},"function":{"name":"us-central1-api"},"extension":{},"message":"\u001b[90m> \u001b[39m   TZ: 'UTC',"}}
[info] >    FIREBASE_DEBUG_MODE: 'true', {"user":"  FIREBASE_DEBUG_MODE: 'true',","metadata":{"emulator":{"name":"functions"},"function":{"name":"us-central1-api"},"extension":{},"message":"\u001b[90m> \u001b[39m   FIREBASE_DEBUG_MODE: 'true',"}}
[info] >    FIREBASE_DEBUG_FEATURES: '{"skipTokenVerification":true}', {"user":"  FIREBASE_DEBUG_FEATURES: '{\"skipTokenVerification\":true}',","metadata":{"emulator":{"name":"functions"},"function":{"name":"us-central1-api"},"extension":{},"message":"\u001b[90m> \u001b[39m   FIREBASE_DEBUG_FEATURES: '{\"skipTokenVerification\":true}',"}}
[info] >    FIREBASE_CONFIG: '{"storageBucket":"cafelog-e250c.appspot.com","projectId":"cafelog-e250c"}', {"user":"  FIREBASE_CONFIG: '{\"storageBucket\":\"cafelog-e250c.appspot.com\",\"projectId\":\"cafelog-e250c\"}',","metadata":{"emulator":{"name":"functions"},"function":{"name":"us-central1-api"},"extension":{},"message":"\u001b[90m> \u001b[39m   FIREBASE_CONFIG: '{\"storageBucket\":\"cafelog-e250c.appspot.com\",\"projectId\":\"cafelog-e250c\"}',"}}
[info] >    GOOGLE_APPLICATION_CREDENTIALS: '/Users/izumisawashun/.config/firebase/shun_1zumisawa_gmail.com_application_default_credentials.json' {"user":"  GOOGLE_APPLICATION_CREDENTIALS: '/Users/izumisawashun/.config/firebase/shun_1zumisawa_gmail.com_application_default_credentials.json'","metadata":{"emulator":{"name":"functions"},"function":{"name":"us-central1-api"},"extension":{},"message":"\u001b[90m> \u001b[39m   GOOGLE_APPLICATION_CREDENTIALS: '/Users/izumisawashun/.config/firebase/shun_1zumisawa_gmail.com_application_default_credentials.json'"}}
[info] >  } {"user":"}","metadata":{"emulator":{"name":"functions"},"function":{"name":"us-central1-api"},"extension":{},"message":"\u001b[90m> \u001b[39m }"}}
[info] >  undefined {"user":"undefined","metadata":{"emulator":{"name":"functions"},"function":{"name":"us-central1-api"},"extension":{},"message":"\u001b[90m> \u001b[39m undefined"}}
[info] >  undefined undefined undefined {"user":"undefined undefined undefined","metadata":{"emulator":{"name":"functions"},"function":{"name":"us-central1-api"},"extension":{},"message":"\u001b[90m> \u001b[39m undefined undefined undefined"}}
[debug] [2022-04-03T09:00:27.564Z] [runtime-status] [97252] Ephemeral server survived. {"metadata":{"emulator":{"name":"functions"},"function":{"name":"us-central1-api"},"extension":{},"message":"[runtime-status] [97252] Ephemeral server survived."}}
[info] i  functions: Finished "api" in ~1s {"metadata":{"emulator":{"name":"functions"},"function":{"name":"us-central1-api"},"extension":{},"message":"Finished \"api\" in ~1s"}}
[debug] [2022-04-03T09:00:27.565Z] [worker-us-central1-api-f6906cc8-743b-4db8-8fbd-5168973bce73]: IDLE {"metadata":{"emulator":{"name":"functions"},"message":"[worker-us-central1-api-f6906cc8-743b-4db8-8fbd-5168973bce73]: IDLE"}}
[debug] [2022-04-03T09:00:27.565Z] [work-queue] {"queueLength":0,"workRunningCount":0}
[debug] [2022-04-03T09:00:27.607Z] Functions emulator received unknown request at path /favicon.ico
[debug] [2022-04-03T09:06:23.039Z] File /Users/izumisawashun/Documents/code/cafelog-svelte/functions/src/env.ts changed, reloading triggers {"metadata":{"emulator":{"name":"functions"},"message":"File /Users/izumisawashun/Documents/code/cafelog-svelte/functions/src/env.ts changed, reloading triggers"}}
[debug] [2022-04-03T09:06:23.139Z] File /Users/izumisawashun/Documents/code/cafelog-svelte/functions/src/env.ts changed, reloading triggers {"metadata":{"emulator":{"name":"functions"},"message":"File /Users/izumisawashun/Documents/code/cafelog-svelte/functions/src/env.ts changed, reloading triggers"}}
[debug] [2022-04-03T09:06:24.145Z] [worker-pool] Shutting down IDLE worker (us-central1-api) {"metadata":{"emulator":{"name":"functions"},"message":"[worker-pool] Shutting down IDLE worker (us-central1-api)"}}
[debug] [2022-04-03T09:06:24.146Z] [worker-us-central1-api-f6906cc8-743b-4db8-8fbd-5168973bce73]: FINISHING {"metadata":{"emulator":{"name":"functions"},"message":"[worker-us-central1-api-f6906cc8-743b-4db8-8fbd-5168973bce73]: FINISHING"}}
[debug] [2022-04-03T09:06:24.149Z] Validating nodejs source
[debug] [2022-04-03T09:06:25.502Z] > [functions] package.json contents: {
  "name": "functions",
  "scripts": {
    "lint": "eslint --ext .js,.ts .",
    "build": "tsc",
    "serve": "npm run build && firebase emulators:start --only functions",
    "shell": "npm run build && firebase functions:shell",
    "start": "npm run shell",
    "deploy": "firebase deploy --only functions",
    "logs": "firebase functions:log"
  },
  "engines": {
    "node": "16"
  },
  "main": "lib/index.js",
  "dependencies": {
    "algoliasearch": "^4.13.0",
    "dotenv": "^16.0.0",
    "express": "^4.17.3",
    "firebase-admin": "^10.0.2",
    "firebase-functions": "^3.18.0"
  },
  "devDependencies": {
    "@typescript-eslint/eslint-plugin": "^5.12.0",
    "@typescript-eslint/parser": "^5.12.0",
    "eslint": "^8.9.0",
    "eslint-config-google": "^0.14.0",
    "eslint-plugin-import": "^2.25.4",
    "firebase-functions-test": "^0.2.0",
    "typescript": "^4.5.4"
  },
  "private": true
}
[debug] [2022-04-03T09:06:25.502Z] Building nodejs source
[debug] [2022-04-03T09:06:25.502Z] Analyzing nodejs backend spec
[debug] [2022-04-03T09:06:25.506Z] [worker-us-central1-api-f6906cc8-743b-4db8-8fbd-5168973bce73]: exited {"metadata":{"emulator":{"name":"functions"},"message":"[worker-us-central1-api-f6906cc8-743b-4db8-8fbd-5168973bce73]: exited"}}
[debug] [2022-04-03T09:06:25.507Z] [worker-us-central1-api-f6906cc8-743b-4db8-8fbd-5168973bce73]: FINISHED {"metadata":{"emulator":{"name":"functions"},"message":"[worker-us-central1-api-f6906cc8-743b-4db8-8fbd-5168973bce73]: FINISHED"}}
[debug] [2022-04-03T09:06:26.206Z] File /Users/izumisawashun/Documents/code/cafelog-svelte/functions/src/env.ts changed, reloading triggers {"metadata":{"emulator":{"name":"functions"},"message":"File /Users/izumisawashun/Documents/code/cafelog-svelte/functions/src/env.ts changed, reloading triggers"}}
[debug] [2022-04-03T09:06:27.213Z] Validating nodejs source
[debug] [2022-04-03T09:06:28.390Z] > [functions] package.json contents: {
  "name": "functions",
  "scripts": {
    "lint": "eslint --ext .js,.ts .",
    "build": "tsc",
    "serve": "npm run build && firebase emulators:start --only functions",
    "shell": "npm run build && firebase functions:shell",
    "start": "npm run shell",
    "deploy": "firebase deploy --only functions",
    "logs": "firebase functions:log"
  },
  "engines": {
    "node": "16"
  },
  "main": "lib/index.js",
  "dependencies": {
    "algoliasearch": "^4.13.0",
    "dotenv": "^16.0.0",
    "express": "^4.17.3",
    "firebase-admin": "^10.0.2",
    "firebase-functions": "^3.18.0"
  },
  "devDependencies": {
    "@typescript-eslint/eslint-plugin": "^5.12.0",
    "@typescript-eslint/parser": "^5.12.0",
    "eslint": "^8.9.0",
    "eslint-config-google": "^0.14.0",
    "eslint-plugin-import": "^2.25.4",
    "firebase-functions-test": "^0.2.0",
    "typescript": "^4.5.4"
  },
  "private": true
}
[debug] [2022-04-03T09:06:28.390Z] Building nodejs source
[debug] [2022-04-03T09:06:28.390Z] Analyzing nodejs backend spec
[debug] [2022-04-03T09:06:32.396Z] File /Users/izumisawashun/Documents/code/cafelog-svelte/functions/src/index.ts changed, reloading triggers {"metadata":{"emulator":{"name":"functions"},"message":"File /Users/izumisawashun/Documents/code/cafelog-svelte/functions/src/index.ts changed, reloading triggers"}}
[debug] [2022-04-03T09:06:32.706Z] File /Users/izumisawashun/Documents/code/cafelog-svelte/functions/src/index.ts changed, reloading triggers {"metadata":{"emulator":{"name":"functions"},"message":"File /Users/izumisawashun/Documents/code/cafelog-svelte/functions/src/index.ts changed, reloading triggers"}}
[debug] [2022-04-03T09:06:33.708Z] Validating nodejs source
[debug] [2022-04-03T09:06:34.806Z] > [functions] package.json contents: {
  "name": "functions",
  "scripts": {
    "lint": "eslint --ext .js,.ts .",
    "build": "tsc",
    "serve": "npm run build && firebase emulators:start --only functions",
    "shell": "npm run build && firebase functions:shell",
    "start": "npm run shell",
    "deploy": "firebase deploy --only functions",
    "logs": "firebase functions:log"
  },
  "engines": {
    "node": "16"
  },
  "main": "lib/index.js",
  "dependencies": {
    "algoliasearch": "^4.13.0",
    "dotenv": "^16.0.0",
    "express": "^4.17.3",
    "firebase-admin": "^10.0.2",
    "firebase-functions": "^3.18.0"
  },
  "devDependencies": {
    "@typescript-eslint/eslint-plugin": "^5.12.0",
    "@typescript-eslint/parser": "^5.12.0",
    "eslint": "^8.9.0",
    "eslint-config-google": "^0.14.0",
    "eslint-plugin-import": "^2.25.4",
    "firebase-functions-test": "^0.2.0",
    "typescript": "^4.5.4"
  },
  "private": true
}
[debug] [2022-04-03T09:06:34.807Z] Building nodejs source
[debug] [2022-04-03T09:06:34.807Z] Analyzing nodejs backend spec
[debug] [2022-04-03T09:11:54.609Z] File /Users/izumisawashun/Documents/code/cafelog-svelte/functions/src/index.ts changed, reloading triggers {"metadata":{"emulator":{"name":"functions"},"message":"File /Users/izumisawashun/Documents/code/cafelog-svelte/functions/src/index.ts changed, reloading triggers"}}
[debug] [2022-04-03T09:11:54.787Z] File /Users/izumisawashun/Documents/code/cafelog-svelte/functions/src/index.ts changed, reloading triggers {"metadata":{"emulator":{"name":"functions"},"message":"File /Users/izumisawashun/Documents/code/cafelog-svelte/functions/src/index.ts changed, reloading triggers"}}
[debug] [2022-04-03T09:11:54.889Z] File /Users/izumisawashun/Documents/code/cafelog-svelte/functions/src/index.ts changed, reloading triggers {"metadata":{"emulator":{"name":"functions"},"message":"File /Users/izumisawashun/Documents/code/cafelog-svelte/functions/src/index.ts changed, reloading triggers"}}
[debug] [2022-04-03T09:11:55.070Z] File /Users/izumisawashun/Documents/code/cafelog-svelte/functions/src/index.ts changed, reloading triggers {"metadata":{"emulator":{"name":"functions"},"message":"File /Users/izumisawashun/Documents/code/cafelog-svelte/functions/src/index.ts changed, reloading triggers"}}
[debug] [2022-04-03T09:11:55.171Z] File /Users/izumisawashun/Documents/code/cafelog-svelte/functions/src/index.ts changed, reloading triggers {"metadata":{"emulator":{"name":"functions"},"message":"File /Users/izumisawashun/Documents/code/cafelog-svelte/functions/src/index.ts changed, reloading triggers"}}
[debug] [2022-04-03T09:11:56.177Z] Validating nodejs source
[debug] [2022-04-03T09:11:58.111Z] > [functions] package.json contents: {
  "name": "functions",
  "scripts": {
    "lint": "eslint --ext .js,.ts .",
    "build": "tsc",
    "serve": "npm run build && firebase emulators:start --only functions",
    "shell": "npm run build && firebase functions:shell",
    "start": "npm run shell",
    "deploy": "firebase deploy --only functions",
    "logs": "firebase functions:log"
  },
  "engines": {
    "node": "16"
  },
  "main": "lib/index.js",
  "dependencies": {
    "algoliasearch": "^4.13.0",
    "dotenv": "^16.0.0",
    "express": "^4.17.3",
    "firebase-admin": "^10.0.2",
    "firebase-functions": "^3.18.0"
  },
  "devDependencies": {
    "@typescript-eslint/eslint-plugin": "^5.12.0",
    "@typescript-eslint/parser": "^5.12.0",
    "eslint": "^8.9.0",
    "eslint-config-google": "^0.14.0",
    "eslint-plugin-import": "^2.25.4",
    "firebase-functions-test": "^0.2.0",
    "typescript": "^4.5.4"
  },
  "private": true
}
[debug] [2022-04-03T09:11:58.111Z] Building nodejs source
[debug] [2022-04-03T09:11:58.111Z] Analyzing nodejs backend spec
[debug] [2022-04-03T09:11:58.114Z] File /Users/izumisawashun/Documents/code/cafelog-svelte/functions/src/index.ts changed, reloading triggers {"metadata":{"emulator":{"name":"functions"},"message":"File /Users/izumisawashun/Documents/code/cafelog-svelte/functions/src/index.ts changed, reloading triggers"}}
[debug] [2022-04-03T09:11:59.119Z] Validating nodejs source
[debug] [2022-04-03T09:12:00.238Z] > [functions] package.json contents: {
  "name": "functions",
  "scripts": {
    "lint": "eslint --ext .js,.ts .",
    "build": "tsc",
    "serve": "npm run build && firebase emulators:start --only functions",
    "shell": "npm run build && firebase functions:shell",
    "start": "npm run shell",
    "deploy": "firebase deploy --only functions",
    "logs": "firebase functions:log"
  },
  "engines": {
    "node": "16"
  },
  "main": "lib/index.js",
  "dependencies": {
    "algoliasearch": "^4.13.0",
    "dotenv": "^16.0.0",
    "express": "^4.17.3",
    "firebase-admin": "^10.0.2",
    "firebase-functions": "^3.18.0"
  },
  "devDependencies": {
    "@typescript-eslint/eslint-plugin": "^5.12.0",
    "@typescript-eslint/parser": "^5.12.0",
    "eslint": "^8.9.0",
    "eslint-config-google": "^0.14.0",
    "eslint-plugin-import": "^2.25.4",
    "firebase-functions-test": "^0.2.0",
    "typescript": "^4.5.4"
  },
  "private": true
}
[debug] [2022-04-03T09:12:00.238Z] Building nodejs source
[debug] [2022-04-03T09:12:00.238Z] Analyzing nodejs backend spec
[debug] [2022-04-03T09:12:02.923Z] File /Users/izumisawashun/Documents/code/cafelog-svelte/functions/src/index.ts changed, reloading triggers {"metadata":{"emulator":{"name":"functions"},"message":"File /Users/izumisawashun/Documents/code/cafelog-svelte/functions/src/index.ts changed, reloading triggers"}}
[debug] [2022-04-03T09:12:03.023Z] File /Users/izumisawashun/Documents/code/cafelog-svelte/functions/src/index.ts changed, reloading triggers {"metadata":{"emulator":{"name":"functions"},"message":"File /Users/izumisawashun/Documents/code/cafelog-svelte/functions/src/index.ts changed, reloading triggers"}}
[debug] [2022-04-03T09:12:03.123Z] File /Users/izumisawashun/Documents/code/cafelog-svelte/functions/src/index.ts changed, reloading triggers {"metadata":{"emulator":{"name":"functions"},"message":"File /Users/izumisawashun/Documents/code/cafelog-svelte/functions/src/index.ts changed, reloading triggers"}}
[debug] [2022-04-03T09:12:04.126Z] Validating nodejs source
[debug] [2022-04-03T09:12:05.257Z] > [functions] package.json contents: {
  "name": "functions",
  "scripts": {
    "lint": "eslint --ext .js,.ts .",
    "build": "tsc",
    "serve": "npm run build && firebase emulators:start --only functions",
    "shell": "npm run build && firebase functions:shell",
    "start": "npm run shell",
    "deploy": "firebase deploy --only functions",
    "logs": "firebase functions:log"
  },
  "engines": {
    "node": "16"
  },
  "main": "lib/index.js",
  "dependencies": {
    "algoliasearch": "^4.13.0",
    "dotenv": "^16.0.0",
    "express": "^4.17.3",
    "firebase-admin": "^10.0.2",
    "firebase-functions": "^3.18.0"
  },
  "devDependencies": {
    "@typescript-eslint/eslint-plugin": "^5.12.0",
    "@typescript-eslint/parser": "^5.12.0",
    "eslint": "^8.9.0",
    "eslint-config-google": "^0.14.0",
    "eslint-plugin-import": "^2.25.4",
    "firebase-functions-test": "^0.2.0",
    "typescript": "^4.5.4"
  },
  "private": true
}
[debug] [2022-04-03T09:12:05.258Z] Building nodejs source
[debug] [2022-04-03T09:12:05.258Z] Analyzing nodejs backend spec
[debug] [2022-04-03T09:12:06.602Z] File /Users/izumisawashun/Documents/code/cafelog-svelte/functions/src/index.ts changed, reloading triggers {"metadata":{"emulator":{"name":"functions"},"message":"File /Users/izumisawashun/Documents/code/cafelog-svelte/functions/src/index.ts changed, reloading triggers"}}
[debug] [2022-04-03T09:12:06.701Z] File /Users/izumisawashun/Documents/code/cafelog-svelte/functions/src/index.ts changed, reloading triggers {"metadata":{"emulator":{"name":"functions"},"message":"File /Users/izumisawashun/Documents/code/cafelog-svelte/functions/src/index.ts changed, reloading triggers"}}
[debug] [2022-04-03T09:12:07.708Z] Validating nodejs source
[debug] [2022-04-03T09:12:09.378Z] > [functions] package.json contents: {
  "name": "functions",
  "scripts": {
    "lint": "eslint --ext .js,.ts .",
    "build": "tsc",
    "serve": "npm run build && firebase emulators:start --only functions",
    "shell": "npm run build && firebase functions:shell",
    "start": "npm run shell",
    "deploy": "firebase deploy --only functions",
    "logs": "firebase functions:log"
  },
  "engines": {
    "node": "16"
  },
  "main": "lib/index.js",
  "dependencies": {
    "algoliasearch": "^4.13.0",
    "dotenv": "^16.0.0",
    "express": "^4.17.3",
    "firebase-admin": "^10.0.2",
    "firebase-functions": "^3.18.0"
  },
  "devDependencies": {
    "@typescript-eslint/eslint-plugin": "^5.12.0",
    "@typescript-eslint/parser": "^5.12.0",
    "eslint": "^8.9.0",
    "eslint-config-google": "^0.14.0",
    "eslint-plugin-import": "^2.25.4",
    "firebase-functions-test": "^0.2.0",
    "typescript": "^4.5.4"
  },
  "private": true
}
[debug] [2022-04-03T09:12:09.378Z] Building nodejs source
[debug] [2022-04-03T09:12:09.378Z] Analyzing nodejs backend spec
[debug] [2022-04-03T09:12:09.381Z] File /Users/izumisawashun/Documents/code/cafelog-svelte/functions/src/index.ts changed, reloading triggers {"metadata":{"emulator":{"name":"functions"},"message":"File /Users/izumisawashun/Documents/code/cafelog-svelte/functions/src/index.ts changed, reloading triggers"}}
[debug] [2022-04-03T09:12:10.386Z] Validating nodejs source
[debug] [2022-04-03T09:12:11.480Z] > [functions] package.json contents: {
  "name": "functions",
  "scripts": {
    "lint": "eslint --ext .js,.ts .",
    "build": "tsc",
    "serve": "npm run build && firebase emulators:start --only functions",
    "shell": "npm run build && firebase functions:shell",
    "start": "npm run shell",
    "deploy": "firebase deploy --only functions",
    "logs": "firebase functions:log"
  },
  "engines": {
    "node": "16"
  },
  "main": "lib/index.js",
  "dependencies": {
    "algoliasearch": "^4.13.0",
    "dotenv": "^16.0.0",
    "express": "^4.17.3",
    "firebase-admin": "^10.0.2",
    "firebase-functions": "^3.18.0"
  },
  "devDependencies": {
    "@typescript-eslint/eslint-plugin": "^5.12.0",
    "@typescript-eslint/parser": "^5.12.0",
    "eslint": "^8.9.0",
    "eslint-config-google": "^0.14.0",
    "eslint-plugin-import": "^2.25.4",
    "firebase-functions-test": "^0.2.0",
    "typescript": "^4.5.4"
  },
  "private": true
}
[debug] [2022-04-03T09:12:11.480Z] Building nodejs source
[debug] [2022-04-03T09:12:11.480Z] Analyzing nodejs backend spec
[debug] [2022-04-03T09:12:13.102Z] File /Users/izumisawashun/Documents/code/cafelog-svelte/functions/src/index.ts changed, reloading triggers {"metadata":{"emulator":{"name":"functions"},"message":"File /Users/izumisawashun/Documents/code/cafelog-svelte/functions/src/index.ts changed, reloading triggers"}}
[debug] [2022-04-03T09:12:14.107Z] Validating nodejs source
[debug] [2022-04-03T09:12:15.281Z] > [functions] package.json contents: {
  "name": "functions",
  "scripts": {
    "lint": "eslint --ext .js,.ts .",
    "build": "tsc",
    "serve": "npm run build && firebase emulators:start --only functions",
    "shell": "npm run build && firebase functions:shell",
    "start": "npm run shell",
    "deploy": "firebase deploy --only functions",
    "logs": "firebase functions:log"
  },
  "engines": {
    "node": "16"
  },
  "main": "lib/index.js",
  "dependencies": {
    "algoliasearch": "^4.13.0",
    "dotenv": "^16.0.0",
    "express": "^4.17.3",
    "firebase-admin": "^10.0.2",
    "firebase-functions": "^3.18.0"
  },
  "devDependencies": {
    "@typescript-eslint/eslint-plugin": "^5.12.0",
    "@typescript-eslint/parser": "^5.12.0",
    "eslint": "^8.9.0",
    "eslint-config-google": "^0.14.0",
    "eslint-plugin-import": "^2.25.4",
    "firebase-functions-test": "^0.2.0",
    "typescript": "^4.5.4"
  },
  "private": true
}
[debug] [2022-04-03T09:12:15.281Z] Building nodejs source
[debug] [2022-04-03T09:12:15.281Z] Analyzing nodejs backend spec
[debug] [2022-04-03T09:12:15.285Z] File /Users/izumisawashun/Documents/code/cafelog-svelte/functions/src/index.ts changed, reloading triggers {"metadata":{"emulator":{"name":"functions"},"message":"File /Users/izumisawashun/Documents/code/cafelog-svelte/functions/src/index.ts changed, reloading triggers"}}
[debug] [2022-04-03T09:12:16.288Z] Validating nodejs source
[debug] [2022-04-03T09:12:17.404Z] > [functions] package.json contents: {
  "name": "functions",
  "scripts": {
    "lint": "eslint --ext .js,.ts .",
    "build": "tsc",
    "serve": "npm run build && firebase emulators:start --only functions",
    "shell": "npm run build && firebase functions:shell",
    "start": "npm run shell",
    "deploy": "firebase deploy --only functions",
    "logs": "firebase functions:log"
  },
  "engines": {
    "node": "16"
  },
  "main": "lib/index.js",
  "dependencies": {
    "algoliasearch": "^4.13.0",
    "dotenv": "^16.0.0",
    "express": "^4.17.3",
    "firebase-admin": "^10.0.2",
    "firebase-functions": "^3.18.0"
  },
  "devDependencies": {
    "@typescript-eslint/eslint-plugin": "^5.12.0",
    "@typescript-eslint/parser": "^5.12.0",
    "eslint": "^8.9.0",
    "eslint-config-google": "^0.14.0",
    "eslint-plugin-import": "^2.25.4",
    "firebase-functions-test": "^0.2.0",
    "typescript": "^4.5.4"
  },
  "private": true
}
[debug] [2022-04-03T09:12:17.405Z] Building nodejs source
[debug] [2022-04-03T09:12:17.405Z] Analyzing nodejs backend spec
[debug] [2022-04-03T11:30:45.401Z] File /Users/izumisawashun/Documents/code/cafelog-svelte/functions/src/index.ts changed, reloading triggers {"metadata":{"emulator":{"name":"functions"},"message":"File /Users/izumisawashun/Documents/code/cafelog-svelte/functions/src/index.ts changed, reloading triggers"}}
[debug] [2022-04-03T11:30:46.420Z] Validating nodejs source
[debug] [2022-04-03T11:30:48.153Z] > [functions] package.json contents: {
  "name": "functions",
  "scripts": {
    "lint": "eslint --ext .js,.ts .",
    "build": "tsc",
    "serve": "npm run build && firebase emulators:start --only functions",
    "shell": "npm run build && firebase functions:shell",
    "start": "npm run shell",
    "deploy": "firebase deploy --only functions",
    "logs": "firebase functions:log"
  },
  "engines": {
    "node": "16"
  },
  "main": "lib/index.js",
  "dependencies": {
    "algoliasearch": "^4.13.0",
    "dotenv": "^16.0.0",
    "express": "^4.17.3",
    "firebase-admin": "^10.0.2",
    "firebase-functions": "^3.18.0"
  },
  "devDependencies": {
    "@typescript-eslint/eslint-plugin": "^5.12.0",
    "@typescript-eslint/parser": "^5.12.0",
    "eslint": "^8.9.0",
    "eslint-config-google": "^0.14.0",
    "eslint-plugin-import": "^2.25.4",
    "firebase-functions-test": "^0.2.0",
    "typescript": "^4.5.4"
  },
  "private": true
}
[debug] [2022-04-03T11:30:48.153Z] Building nodejs source
[debug] [2022-04-03T11:30:48.153Z] Analyzing nodejs backend spec
[debug] [2022-04-03T11:30:57.627Z] File /Users/izumisawashun/Documents/code/cafelog-svelte/functions/src/index.ts changed, reloading triggers {"metadata":{"emulator":{"name":"functions"},"message":"File /Users/izumisawashun/Documents/code/cafelog-svelte/functions/src/index.ts changed, reloading triggers"}}
[debug] [2022-04-03T11:30:57.792Z] File /Users/izumisawashun/Documents/code/cafelog-svelte/functions/src/index.ts changed, reloading triggers {"metadata":{"emulator":{"name":"functions"},"message":"File /Users/izumisawashun/Documents/code/cafelog-svelte/functions/src/index.ts changed, reloading triggers"}}
[debug] [2022-04-03T11:30:57.893Z] File /Users/izumisawashun/Documents/code/cafelog-svelte/functions/src/index.ts changed, reloading triggers {"metadata":{"emulator":{"name":"functions"},"message":"File /Users/izumisawashun/Documents/code/cafelog-svelte/functions/src/index.ts changed, reloading triggers"}}
[debug] [2022-04-03T11:30:58.895Z] Validating nodejs source
[debug] [2022-04-03T11:30:59.982Z] > [functions] package.json contents: {
  "name": "functions",
  "scripts": {
    "lint": "eslint --ext .js,.ts .",
    "build": "tsc",
    "serve": "npm run build && firebase emulators:start --only functions",
    "shell": "npm run build && firebase functions:shell",
    "start": "npm run shell",
    "deploy": "firebase deploy --only functions",
    "logs": "firebase functions:log"
  },
  "engines": {
    "node": "16"
  },
  "main": "lib/index.js",
  "dependencies": {
    "algoliasearch": "^4.13.0",
    "dotenv": "^16.0.0",
    "express": "^4.17.3",
    "firebase-admin": "^10.0.2",
    "firebase-functions": "^3.18.0"
  },
  "devDependencies": {
    "@typescript-eslint/eslint-plugin": "^5.12.0",
    "@typescript-eslint/parser": "^5.12.0",
    "eslint": "^8.9.0",
    "eslint-config-google": "^0.14.0",
    "eslint-plugin-import": "^2.25.4",
    "firebase-functions-test": "^0.2.0",
    "typescript": "^4.5.4"
  },
  "private": true
}
[debug] [2022-04-03T11:30:59.982Z] Building nodejs source
[debug] [2022-04-03T11:30:59.982Z] Analyzing nodejs backend spec
[debug] [2022-04-03T11:31:03.712Z] File /Users/izumisawashun/Documents/code/cafelog-svelte/functions/src/index.ts changed, reloading triggers {"metadata":{"emulator":{"name":"functions"},"message":"File /Users/izumisawashun/Documents/code/cafelog-svelte/functions/src/index.ts changed, reloading triggers"}}
[debug] [2022-04-03T11:31:04.716Z] Validating nodejs source
[debug] [2022-04-03T11:31:05.878Z] > [functions] package.json contents: {
  "name": "functions",
  "scripts": {
    "lint": "eslint --ext .js,.ts .",
    "build": "tsc",
    "serve": "npm run build && firebase emulators:start --only functions",
    "shell": "npm run build && firebase functions:shell",
    "start": "npm run shell",
    "deploy": "firebase deploy --only functions",
    "logs": "firebase functions:log"
  },
  "engines": {
    "node": "16"
  },
  "main": "lib/index.js",
  "dependencies": {
    "algoliasearch": "^4.13.0",
    "dotenv": "^16.0.0",
    "express": "^4.17.3",
    "firebase-admin": "^10.0.2",
    "firebase-functions": "^3.18.0"
  },
  "devDependencies": {
    "@typescript-eslint/eslint-plugin": "^5.12.0",
    "@typescript-eslint/parser": "^5.12.0",
    "eslint": "^8.9.0",
    "eslint-config-google": "^0.14.0",
    "eslint-plugin-import": "^2.25.4",
    "firebase-functions-test": "^0.2.0",
    "typescript": "^4.5.4"
  },
  "private": true
}
[debug] [2022-04-03T11:31:05.878Z] Building nodejs source
[debug] [2022-04-03T11:31:05.878Z] Analyzing nodejs backend spec
[debug] [2022-04-03T11:31:05.881Z] File /Users/izumisawashun/Documents/code/cafelog-svelte/functions/src/index.ts changed, reloading triggers {"metadata":{"emulator":{"name":"functions"},"message":"File /Users/izumisawashun/Documents/code/cafelog-svelte/functions/src/index.ts changed, reloading triggers"}}
[debug] [2022-04-03T11:31:06.883Z] Validating nodejs source
[debug] [2022-04-03T11:31:07.999Z] > [functions] package.json contents: {
  "name": "functions",
  "scripts": {
    "lint": "eslint --ext .js,.ts .",
    "build": "tsc",
    "serve": "npm run build && firebase emulators:start --only functions",
    "shell": "npm run build && firebase functions:shell",
    "start": "npm run shell",
    "deploy": "firebase deploy --only functions",
    "logs": "firebase functions:log"
  },
  "engines": {
    "node": "16"
  },
  "main": "lib/index.js",
  "dependencies": {
    "algoliasearch": "^4.13.0",
    "dotenv": "^16.0.0",
    "express": "^4.17.3",
    "firebase-admin": "^10.0.2",
    "firebase-functions": "^3.18.0"
  },
  "devDependencies": {
    "@typescript-eslint/eslint-plugin": "^5.12.0",
    "@typescript-eslint/parser": "^5.12.0",
    "eslint": "^8.9.0",
    "eslint-config-google": "^0.14.0",
    "eslint-plugin-import": "^2.25.4",
    "firebase-functions-test": "^0.2.0",
    "typescript": "^4.5.4"
  },
  "private": true
}
[debug] [2022-04-03T11:31:07.999Z] Building nodejs source
[debug] [2022-04-03T11:31:07.999Z] Analyzing nodejs backend spec
[debug] [2022-04-03T11:31:09.084Z] File /Users/izumisawashun/Documents/code/cafelog-svelte/functions/src/index.ts changed, reloading triggers {"metadata":{"emulator":{"name":"functions"},"message":"File /Users/izumisawashun/Documents/code/cafelog-svelte/functions/src/index.ts changed, reloading triggers"}}
[debug] [2022-04-03T11:31:09.184Z] File /Users/izumisawashun/Documents/code/cafelog-svelte/functions/src/index.ts changed, reloading triggers {"metadata":{"emulator":{"name":"functions"},"message":"File /Users/izumisawashun/Documents/code/cafelog-svelte/functions/src/index.ts changed, reloading triggers"}}
[debug] [2022-04-03T11:31:10.188Z] Validating nodejs source
[debug] [2022-04-03T11:31:11.279Z] > [functions] package.json contents: {
  "name": "functions",
  "scripts": {
    "lint": "eslint --ext .js,.ts .",
    "build": "tsc",
    "serve": "npm run build && firebase emulators:start --only functions",
    "shell": "npm run build && firebase functions:shell",
    "start": "npm run shell",
    "deploy": "firebase deploy --only functions",
    "logs": "firebase functions:log"
  },
  "engines": {
    "node": "16"
  },
  "main": "lib/index.js",
  "dependencies": {
    "algoliasearch": "^4.13.0",
    "dotenv": "^16.0.0",
    "express": "^4.17.3",
    "firebase-admin": "^10.0.2",
    "firebase-functions": "^3.18.0"
  },
  "devDependencies": {
    "@typescript-eslint/eslint-plugin": "^5.12.0",
    "@typescript-eslint/parser": "^5.12.0",
    "eslint": "^8.9.0",
    "eslint-config-google": "^0.14.0",
    "eslint-plugin-import": "^2.25.4",
    "firebase-functions-test": "^0.2.0",
    "typescript": "^4.5.4"
  },
  "private": true
}
[debug] [2022-04-03T11:31:11.280Z] Building nodejs source
[debug] [2022-04-03T11:31:11.280Z] Analyzing nodejs backend spec
[debug] [2022-04-03T11:31:22.465Z] File /Users/izumisawashun/Documents/code/cafelog-svelte/functions/src/env.ts changed, reloading triggers {"metadata":{"emulator":{"name":"functions"},"message":"File /Users/izumisawashun/Documents/code/cafelog-svelte/functions/src/env.ts changed, reloading triggers"}}
[debug] [2022-04-03T11:31:22.934Z] File /Users/izumisawashun/Documents/code/cafelog-svelte/functions/src/env.ts changed, reloading triggers {"metadata":{"emulator":{"name":"functions"},"message":"File /Users/izumisawashun/Documents/code/cafelog-svelte/functions/src/env.ts changed, reloading triggers"}}
[debug] [2022-04-03T11:31:23.939Z] Validating nodejs source
[debug] [2022-04-03T11:31:25.644Z] > [functions] package.json contents: {
  "name": "functions",
  "scripts": {
    "lint": "eslint --ext .js,.ts .",
    "build": "tsc",
    "serve": "npm run build && firebase emulators:start --only functions",
    "shell": "npm run build && firebase functions:shell",
    "start": "npm run shell",
    "deploy": "firebase deploy --only functions",
    "logs": "firebase functions:log"
  },
  "engines": {
    "node": "16"
  },
  "main": "lib/index.js",
  "dependencies": {
    "algoliasearch": "^4.13.0",
    "dotenv": "^16.0.0",
    "express": "^4.17.3",
    "firebase-admin": "^10.0.2",
    "firebase-functions": "^3.18.0"
  },
  "devDependencies": {
    "@typescript-eslint/eslint-plugin": "^5.12.0",
    "@typescript-eslint/parser": "^5.12.0",
    "eslint": "^8.9.0",
    "eslint-config-google": "^0.14.0",
    "eslint-plugin-import": "^2.25.4",
    "firebase-functions-test": "^0.2.0",
    "typescript": "^4.5.4"
  },
  "private": true
}
[debug] [2022-04-03T11:31:25.644Z] Building nodejs source
[debug] [2022-04-03T11:31:25.644Z] Analyzing nodejs backend spec
[debug] [2022-04-03T11:31:25.647Z] File /Users/izumisawashun/Documents/code/cafelog-svelte/functions/src/env.ts changed, reloading triggers {"metadata":{"emulator":{"name":"functions"},"message":"File /Users/izumisawashun/Documents/code/cafelog-svelte/functions/src/env.ts changed, reloading triggers"}}
[debug] [2022-04-03T11:31:26.653Z] Validating nodejs source
[debug] [2022-04-03T11:31:27.807Z] > [functions] package.json contents: {
  "name": "functions",
  "scripts": {
    "lint": "eslint --ext .js,.ts .",
    "build": "tsc",
    "serve": "npm run build && firebase emulators:start --only functions",
    "shell": "npm run build && firebase functions:shell",
    "start": "npm run shell",
    "deploy": "firebase deploy --only functions",
    "logs": "firebase functions:log"
  },
  "engines": {
    "node": "16"
  },
  "main": "lib/index.js",
  "dependencies": {
    "algoliasearch": "^4.13.0",
    "dotenv": "^16.0.0",
    "express": "^4.17.3",
    "firebase-admin": "^10.0.2",
    "firebase-functions": "^3.18.0"
  },
  "devDependencies": {
    "@typescript-eslint/eslint-plugin": "^5.12.0",
    "@typescript-eslint/parser": "^5.12.0",
    "eslint": "^8.9.0",
    "eslint-config-google": "^0.14.0",
    "eslint-plugin-import": "^2.25.4",
    "firebase-functions-test": "^0.2.0",
    "typescript": "^4.5.4"
  },
  "private": true
}
[debug] [2022-04-03T11:31:27.807Z] Building nodejs source
[debug] [2022-04-03T11:31:27.807Z] Analyzing nodejs backend spec
